[ 2014-07-15T00:00:23+08:00 ] 127.0.0.1 /myweb/index.php/Admin/User/index/menuid/292.html
INFO: [ app_init ] --START--
INFO: Run Behavior\BuildLiteBehavior [ RunTime:0.000039s ]
INFO: [ app_init ] --END-- [ RunTime:0.001350s ]
INFO: [ app_begin ] --START--
INFO: Run Behavior\ReadHtmlCacheBehavior [ RunTime:0.001589s ]
INFO: [ app_begin ] --END-- [ RunTime:0.001735s ]
NOTIC: [2048] Declaration of Admin\Controller\UserController::index() should be compatible with Admin\Controller\AdminController::index($_model = NULL, $_tpl = NULL, $map = Array) D:\wamp\www\myweb\cxapp\Admin\Controller\UserController.class.php 第 11 行.
NOTIC: [2048] Declaration of Admin\Controller\UserController::edit() should be compatible with Admin\Controller\AdminController::edit($_model = NULL, $id = NULL, $_tpl = NULL) D:\wamp\www\myweb\cxapp\Admin\Controller\UserController.class.php 第 11 行.
NOTIC: [2048] Declaration of Admin\Controller\UserController::add() should be compatible with Admin\Controller\AdminController::add($_model = NULL, $_tpl = NULL) D:\wamp\www\myweb\cxapp\Admin\Controller\UserController.class.php 第 11 行.
NOTIC: [2048] Declaration of Admin\Controller\UserController::delete() should be compatible with Admin\Controller\AdminController::delete($_model = NULL, $id = NULL, $field = 'is_deleted') D:\wamp\www\myweb\cxapp\Admin\Controller\UserController.class.php 第 11 行.
SQL: SHOW COLUMNS FROM `cx_users` [ RunTime:0.005460s ]
SQL: SELECT * FROM `cx_users` WHERE ( user_status=1 )  [ RunTime:0.000765s ]
SQL: SHOW COLUMNS FROM `cx_role` [ RunTime:0.005713s ]
SQL: SELECT * FROM `cx_role`  [ RunTime:0.000507s ]
INFO: [ view_parse ] --START--
INFO: [ template_filter ] --START--
INFO: Run Behavior\ContentReplaceBehavior [ RunTime:0.000167s ]
INFO: [ template_filter ] --END-- [ RunTime:0.000339s ]
NOTIC: [8] Use of undefined constant role_id - assumed 'role_id' D:\wamp\www\myweb\static\data\runtime\Cache\Admin\f6b73e0897bcfbd8d3b59759cdec8aa3.php 第 51 行.
NOTIC: [8] Undefined index: remark D:\wamp\www\myweb\static\data\runtime\Cache\Admin\f6b73e0897bcfbd8d3b59759cdec8aa3.php 第 59 行.
NOTIC: [8] Undefined variable: User D:\wamp\www\myweb\static\data\runtime\Cache\Admin\f6b73e0897bcfbd8d3b59759cdec8aa3.php 第 61 行.
NOTIC: [8] Undefined index: username D:\wamp\www\myweb\static\data\runtime\Cache\Admin\f6b73e0897bcfbd8d3b59759cdec8aa3.php 第 61 行.
INFO: Run Behavior\ParseTemplateBehavior [ RunTime:0.023779s ]
INFO: [ view_parse ] --END-- [ RunTime:0.023948s ]
INFO: [ view_filter ] --START--
INFO: Run Behavior\WriteHtmlCacheBehavior [ RunTime:0.001051s ]
INFO: [ view_filter ] --END-- [ RunTime:0.001192s ]
INFO: [ app_end ] --START--
INFO: Run Behavior\ShowPageTraceBehavior [ RunTime:0.001437s ]
INFO: [ app_end ] --END-- [ RunTime:0.001618s ]

[ 2014-07-15T00:00:24+08:00 ] 127.0.0.1 /myweb/index.php/Admin/user/add.html
INFO: [ app_init ] --START--
INFO: Run Behavior\BuildLiteBehavior [ RunTime:0.000035s ]
INFO: [ app_init ] --END-- [ RunTime:0.000719s ]
INFO: [ app_begin ] --START--
INFO: Run Behavior\ReadHtmlCacheBehavior [ RunTime:0.001441s ]
INFO: [ app_begin ] --END-- [ RunTime:0.001601s ]
NOTIC: [2048] Declaration of Admin\Controller\UserController::index() should be compatible with Admin\Controller\AdminController::index($_model = NULL, $_tpl = NULL, $map = Array) D:\wamp\www\myweb\cxapp\Admin\Controller\UserController.class.php 第 11 行.
NOTIC: [2048] Declaration of Admin\Controller\UserController::edit() should be compatible with Admin\Controller\AdminController::edit($_model = NULL, $id = NULL, $_tpl = NULL) D:\wamp\www\myweb\cxapp\Admin\Controller\UserController.class.php 第 11 行.
NOTIC: [2048] Declaration of Admin\Controller\UserController::add() should be compatible with Admin\Controller\AdminController::add($_model = NULL, $_tpl = NULL) D:\wamp\www\myweb\cxapp\Admin\Controller\UserController.class.php 第 11 行.
NOTIC: [2048] Declaration of Admin\Controller\UserController::delete() should be compatible with Admin\Controller\AdminController::delete($_model = NULL, $id = NULL, $field = 'is_deleted') D:\wamp\www\myweb\cxapp\Admin\Controller\UserController.class.php 第 11 行.
SQL: SHOW COLUMNS FROM `cx_role` [ RunTime:0.007251s ]
SQL: SELECT * FROM `cx_role` WHERE ( status=1 )  [ RunTime:0.000824s ]
INFO: [ view_parse ] --START--
INFO: [ template_filter ] --START--
INFO: Run Behavior\ContentReplaceBehavior [ RunTime:0.000126s ]
INFO: [ template_filter ] --END-- [ RunTime:0.000274s ]
SQL: SHOW COLUMNS FROM `cx_menu` [ RunTime:0.005482s ]
SQL: SELECT `id`,`action`,`app`,`model`,`parentid`,`data`,`type`,`name` FROM `cx_menu` WHERE ( `id` = null )  [ RunTime:0.000656s ]
SQL: SELECT `id`,`action`,`app`,`model`,`parentid`,`data`,`type`,`name` FROM `cx_menu` WHERE ( `parentid` = null ) AND ( `status` = 1 )  [ RunTime:0.000565s ]
NOTIC: [2] Invalid argument supplied for foreach() D:\wamp\www\myweb\cxapp\Admin\Controller\AdminController.class.php 第 294 行.
NOTIC: [8] Undefined variable: ID D:\wamp\www\myweb\static\data\runtime\Cache\Admin\36f62432d6958ee8e4ec257a80d3884d.php 第 44 行.
NOTIC: [8] Undefined variable: user_nicename D:\wamp\www\myweb\static\data\runtime\Cache\Admin\36f62432d6958ee8e4ec257a80d3884d.php 第 45 行.
INFO: Run Behavior\ParseTemplateBehavior [ RunTime:0.035053s ]
INFO: [ view_parse ] --END-- [ RunTime:0.035230s ]
INFO: [ view_filter ] --START--
INFO: Run Behavior\WriteHtmlCacheBehavior [ RunTime:0.001247s ]
INFO: [ view_filter ] --END-- [ RunTime:0.001415s ]
INFO: [ app_end ] --START--
INFO: Run Behavior\ShowPageTraceBehavior [ RunTime:0.001363s ]
INFO: [ app_end ] --END-- [ RunTime:0.001516s ]

[ 2014-07-15T00:00:27+08:00 ] 127.0.0.1 /myweb/index.php/Admin/User/add.html
INFO: [ app_init ] --START--
INFO: Run Behavior\BuildLiteBehavior [ RunTime:0.000032s ]
INFO: [ app_init ] --END-- [ RunTime:0.000805s ]
INFO: [ app_begin ] --START--
INFO: Run Behavior\ReadHtmlCacheBehavior [ RunTime:0.001254s ]
INFO: [ app_begin ] --END-- [ RunTime:0.001368s ]
NOTIC: [2048] Declaration of Admin\Controller\UserController::index() should be compatible with Admin\Controller\AdminController::index($_model = NULL, $_tpl = NULL, $map = Array) D:\wamp\www\myweb\cxapp\Admin\Controller\UserController.class.php 第 11 行.
NOTIC: [2048] Declaration of Admin\Controller\UserController::edit() should be compatible with Admin\Controller\AdminController::edit($_model = NULL, $id = NULL, $_tpl = NULL) D:\wamp\www\myweb\cxapp\Admin\Controller\UserController.class.php 第 11 行.
NOTIC: [2048] Declaration of Admin\Controller\UserController::add() should be compatible with Admin\Controller\AdminController::add($_model = NULL, $_tpl = NULL) D:\wamp\www\myweb\cxapp\Admin\Controller\UserController.class.php 第 11 行.
NOTIC: [2048] Declaration of Admin\Controller\UserController::delete() should be compatible with Admin\Controller\AdminController::delete($_model = NULL, $id = NULL, $field = 'is_deleted') D:\wamp\www\myweb\cxapp\Admin\Controller\UserController.class.php 第 11 行.
SQL: SHOW COLUMNS FROM `cx_users` [ RunTime:0.005919s ]
NOTIC: [2] md5() expects at least 1 parameter, 0 given D:\wamp\www\myweb\cxapp\Common\Think\Library\Think\Model.class.php 第 1001 行.
SQL: INSERT INTO `cx_users` (`ID`,`user_nicename`,`user_pass`,`create_time`) VALUES ('','jimmy',null,'2014-07-15 00:00:27') [ RunTime:0.000437s ]
ERR: 1048:Column 'user_pass' cannot be null
 [ SQL语句 ] : INSERT INTO `cx_users` (`ID`,`user_nicename`,`user_pass`,`create_time`) VALUES ('','jimmy',null,'2014-07-15 00:00:27')

